<?xml version="1.0" encoding="UTF-8"?>
<!-- Generated by org.testng.reporters.JUnitReportReporter -->
<testsuite hostname="MACBOOKnoMacBook-Pro.local" failures="0" tests="1" name="com.adm.Adm_Login" time="0.005" errors="0" timestamp="19 May 2022 06:45:02 GMT" skipped="0">
  <testcase classname="com.adm.Adm_Login" name="TC_Create_CVHT" time="0.005"/>
</testsuite> <!-- com.adm.Adm_Login -->
